{"meta": {"version": "6.4.1", "timestamp": "2022-06-30T12:22:07.052737", "branch_coverage": false, "show_contexts": false}, "files": {"backend/__init__.py": {"executed_lines": [1], "summary": {"covered_lines": 0, "num_statements": 0, "percent_covered": 100.0, "percent_covered_display": "100", "missing_lines": 0, "excluded_lines": 0}, "missing_lines": [], "excluded_lines": []}, "backend/admin.py": {"executed_lines": [1, 3, 5], "summary": {"covered_lines": 3, "num_statements": 3, "percent_covered": 100.0, "percent_covered_display": "100", "missing_lines": 0, "excluded_lines": 0}, "missing_lines": [], "excluded_lines": []}, "backend/apps.py": {"executed_lines": [1, 4, 5, 6], "summary": {"covered_lines": 4, "num_statements": 4, "percent_covered": 100.0, "percent_covered_display": "100", "missing_lines": 0, "excluded_lines": 0}, "missing_lines": [], "excluded_lines": []}, "backend/migrations/0001_initial.py": {"executed_lines": [3, 4, 5, 8, 10, 12, 16], "summary": {"covered_lines": 7, "num_statements": 7, "percent_covered": 100.0, "percent_covered_display": "100", "missing_lines": 0, "excluded_lines": 0}, "missing_lines": [], "excluded_lines": []}, "backend/migrations/0002_geolocation_name.py": {"executed_lines": [3, 6, 8, 12], "summary": {"covered_lines": 4, "num_statements": 4, "percent_covered": 100.0, "percent_covered_display": "100", "missing_lines": 0, "excluded_lines": 0}, "missing_lines": [], "excluded_lines": []}, "backend/migrations/__init__.py": {"executed_lines": [1], "summary": {"covered_lines": 0, "num_statements": 0, "percent_covered": 100.0, "percent_covered_display": "100", "missing_lines": 0, "excluded_lines": 0}, "missing_lines": [], "excluded_lines": []}, "backend/models.py": {"executed_lines": [1, 2, 5, 6, 7, 8, 10, 12, 13], "summary": {"covered_lines": 9, "num_statements": 9, "percent_covered": 100.0, "percent_covered_display": "100", "missing_lines": 0, "excluded_lines": 0}, "missing_lines": [], "excluded_lines": []}, "backend/serializers.py": {"executed_lines": [1, 2, 5, 6, 7, 8, 10], "summary": {"covered_lines": 7, "num_statements": 8, "percent_covered": 87.5, "percent_covered_display": "88", "missing_lines": 1, "excluded_lines": 0}, "missing_lines": [11], "excluded_lines": []}, "backend/tests/__init__.py": {"executed_lines": [1], "summary": {"covered_lines": 0, "num_statements": 0, "percent_covered": 100.0, "percent_covered_display": "100", "missing_lines": 0, "excluded_lines": 0}, "missing_lines": [], "excluded_lines": []}, "backend/tests/test_create_geolocation.py": {"executed_lines": [1, 2, 3, 7, 8, 9, 10, 12, 13, 14, 15, 16], "summary": {"covered_lines": 12, "num_statements": 12, "percent_covered": 100.0, "percent_covered_display": "100", "missing_lines": 0, "excluded_lines": 0}, "missing_lines": [], "excluded_lines": []}, "backend/tests/test_create_user.py": {"executed_lines": [1, 2, 5, 6, 7, 8, 9, 10], "summary": {"covered_lines": 8, "num_statements": 8, "percent_covered": 100.0, "percent_covered_display": "100", "missing_lines": 0, "excluded_lines": 0}, "missing_lines": [], "excluded_lines": []}, "backend/tests/test_delete_geolocation.py": {"executed_lines": [1, 2, 3, 7, 8, 9, 10, 11, 12, 13, 14, 15, 16, 17], "summary": {"covered_lines": 14, "num_statements": 14, "percent_covered": 100.0, "percent_covered_display": "100", "missing_lines": 0, "excluded_lines": 0}, "missing_lines": [], "excluded_lines": []}, "backend/tests/test_delete_user.py": {"executed_lines": [1, 2, 5, 6, 7, 8, 9, 10, 11, 12], "summary": {"covered_lines": 10, "num_statements": 10, "percent_covered": 100.0, "percent_covered_display": "100", "missing_lines": 0, "excluded_lines": 0}, "missing_lines": [], "excluded_lines": []}, "backend/tests/test_jwt_token.py": {"executed_lines": [1, 2, 3, 4, 5, 7, 10, 11, 12, 13, 14, 15, 16, 18, 21, 22, 24, 25, 28], "summary": {"covered_lines": 19, "num_statements": 19, "percent_covered": 100.0, "percent_covered_display": "100", "missing_lines": 0, "excluded_lines": 0}, "missing_lines": [], "excluded_lines": []}, "backend/urls.py": {"executed_lines": [1, 2, 4], "summary": {"covered_lines": 3, "num_statements": 3, "percent_covered": 100.0, "percent_covered_display": "100", "missing_lines": 0, "excluded_lines": 0}, "missing_lines": [], "excluded_lines": []}, "backend/views.py": {"executed_lines": [1, 2, 3, 4, 6, 7, 10, 12, 14, 17, 20, 28, 34, 35], "summary": {"covered_lines": 14, "num_statements": 25, "percent_covered": 56.0, "percent_covered_display": "56", "missing_lines": 11, "excluded_lines": 0}, "missing_lines": [21, 23, 24, 25, 29, 30, 31, 36, 37, 40, 41], "excluded_lines": []}, "pro/__init__.py": {"executed_lines": [1], "summary": {"covered_lines": 0, "num_statements": 0, "percent_covered": 100.0, "percent_covered_display": "100", "missing_lines": 0, "excluded_lines": 0}, "missing_lines": [], "excluded_lines": []}, "pro/settings.py": {"executed_lines": [1, 13, 14, 15, 16, 17, 20, 27, 30, 32, 33, 37, 43, 47, 65, 77, 79, 95, 99, 107, 113, 120, 126, 141, 158, 193, 195, 197, 199, 201, 205, 206, 208, 209, 211, 213], "summary": {"covered_lines": 35, "num_statements": 36, "percent_covered": 97.22222222222223, "percent_covered_display": "97", "missing_lines": 1, "excluded_lines": 0}, "missing_lines": [35], "excluded_lines": []}, "pro/urls.py": {"executed_lines": [1, 2, 3, 4, 5, 6, 7, 8, 10, 11, 12, 13, 14, 15, 22, 23, 24, 25, 29, 30, 31, 32, 36, 37, 38, 39, 41, 42, 63, 64, 71, 72, 73, 78], "summary": {"covered_lines": 34, "num_statements": 51, "percent_covered": 66.66666666666667, "percent_covered_display": "67", "missing_lines": 17, "excluded_lines": 0}, "missing_lines": [47, 48, 49, 50, 51, 53, 54, 55, 56, 57, 58, 59, 60, 61, 65, 66, 67], "excluded_lines": []}}, "totals": {"covered_lines": 183, "num_statements": 213, "percent_covered": 85.91549295774648, "percent_covered_display": "86", "missing_lines": 30, "excluded_lines": 0}}